<?xml version="1.0" encoding="UTF-8"?>
<!-- Generated by org.testng.reporters.JUnitXMLReporter -->
<testsuite hostname="arunkumarpi-gift" ignored="19" name="report schedule test" tests="2" failures="0" timestamp="26 May 2021 13:44:17 GMT" time="107.189" errors="0">
  <testcase name="verifyReportSchedulerForCloud9POSEmpProductivityReportWithFrequencyWeeklyAndPeriodBWTDTest" time="40.511" classname="com.boss.qa.tests.ReportScheduleTest"/>
  <testcase name="verifyReportSchedulerForCloud9POSEmpProductivityReportWithFrequencyMonthlyAndPeriodBMTDTest" time="37.748" classname="com.boss.qa.tests.ReportScheduleTest"/>
  <testcase name="verifyBlankEmailBodyFieldErrorMessageTest" time="0.0" classname="com.boss.qa.tests.ReportScheduleTest">
    <ignored/>
  </testcase> <!-- verifyBlankEmailBodyFieldErrorMessageTest -->
  <testcase name="verifyBlankEmailSubjectFieldErrorMessageTest" time="0.0" classname="com.boss.qa.tests.ReportScheduleTest">
    <ignored/>
  </testcase> <!-- verifyBlankEmailSubjectFieldErrorMessageTest -->
  <testcase name="verifyReportSchedulerForCloud9POSEmpProductivityReportWithFiscalCalendarFrequencyMonthlyAndPeriodFixedTest" time="0.0" classname="com.boss.qa.tests.ReportScheduleTest">
    <ignored/>
  </testcase> <!-- verifyReportSchedulerForCloud9POSEmpProductivityReportWithFiscalCalendarFrequencyMonthlyAndPeriodFixedTest -->
  <testcase name="verifyBlankStartDateErrorMessageTest" time="0.0" classname="com.boss.qa.tests.ReportScheduleTest">
    <ignored/>
  </testcase> <!-- verifyBlankStartDateErrorMessageTest -->
  <testcase name="verifyReportSchedulerForCashReceiptsReportWithFrequencyQuarterlyAndPeriodPBQTestTest" time="0.0" classname="com.boss.qa.tests.ReportScheduleTest">
    <ignored/>
  </testcase> <!-- verifyReportSchedulerForCashReceiptsReportWithFrequencyQuarterlyAndPeriodPBQTestTest -->
  <testcase name="verifyReportSchedulerForCashReceiptsReportWithFrequencyMonthlyAndPeriodPBMTestTest" time="0.0" classname="com.boss.qa.tests.ReportScheduleTest">
    <ignored/>
  </testcase> <!-- verifyReportSchedulerForCashReceiptsReportWithFrequencyMonthlyAndPeriodPBMTestTest -->
  <testcase name="verifyEndDateBeforeStartDateErrorMessageTest" time="0.0" classname="com.boss.qa.tests.ReportScheduleTest">
    <ignored/>
  </testcase> <!-- verifyEndDateBeforeStartDateErrorMessageTest -->
  <testcase name="verifyReportSchedulerForCloud9POSEmpProductivityReportWithFiscalCalendarFrequencyOnceAndPeriodDateOfFireTodayTest" time="0.0" classname="com.boss.qa.tests.ReportScheduleTest">
    <ignored/>
  </testcase> <!-- verifyReportSchedulerForCloud9POSEmpProductivityReportWithFiscalCalendarFrequencyOnceAndPeriodDateOfFireTodayTest -->
  <testcase name="verifyReportSchedulerForCloud9POSEmpProductivityReportWithFiscalCalendarFrequencyWeeklyAndPeriodFixedTest" time="0.0" classname="com.boss.qa.tests.ReportScheduleTest">
    <ignored/>
  </testcase> <!-- verifyReportSchedulerForCloud9POSEmpProductivityReportWithFiscalCalendarFrequencyWeeklyAndPeriodFixedTest -->
  <testcase name="verifyBlankReportNameErrorMessageTest" time="0.0" classname="com.boss.qa.tests.ReportScheduleTest">
    <ignored/>
  </testcase> <!-- verifyBlankReportNameErrorMessageTest -->
  <testcase name="verifyReportSchedulerForCashReceiptsReportWithFrequencyWeeklyAndPeriodPBWTestTest" time="0.0" classname="com.boss.qa.tests.ReportScheduleTest">
    <ignored/>
  </testcase> <!-- verifyReportSchedulerForCashReceiptsReportWithFrequencyWeeklyAndPeriodPBWTestTest -->
  <testcase name="verifyPastStartDateErrorMessageTest" time="0.0" classname="com.boss.qa.tests.ReportScheduleTest">
    <ignored/>
  </testcase> <!-- verifyPastStartDateErrorMessageTest -->
  <testcase name="verifyReportSchedulerForCloud9POSEmpProductivityReportWithFiscalCalendarFrequencyDailyAndPeriodYesterdayTest" time="0.0" classname="com.boss.qa.tests.ReportScheduleTest">
    <ignored/>
  </testcase> <!-- verifyReportSchedulerForCloud9POSEmpProductivityReportWithFiscalCalendarFrequencyDailyAndPeriodYesterdayTest -->
  <testcase name="verifyReportSchedulerForCashReceiptsReportTest2" time="0.0" classname="com.boss.qa.tests.ReportScheduleTest">
    <ignored/>
  </testcase> <!-- verifyReportSchedulerForCashReceiptsReportTest2 -->
  <testcase name="verifyInvalidEmailRecipientsErrorMessageTest" time="0.0" classname="com.boss.qa.tests.ReportScheduleTest">
    <ignored/>
  </testcase> <!-- verifyInvalidEmailRecipientsErrorMessageTest -->
  <testcase name="verifyReportSchedulerForCloud9POSEmpProductivityReportWithFrequencyQuarterlyAndPeriodBQTDTest" time="0.0" classname="com.boss.qa.tests.ReportScheduleTest">
    <ignored/>
  </testcase> <!-- verifyReportSchedulerForCloud9POSEmpProductivityReportWithFrequencyQuarterlyAndPeriodBQTDTest -->
  <testcase name="verifyReportSchedulerForCloud9POSEmpProductivityReportWithFrequencyYearlyAndPeriodBYTDTest" time="0.0" classname="com.boss.qa.tests.ReportScheduleTest">
    <ignored/>
  </testcase> <!-- verifyReportSchedulerForCloud9POSEmpProductivityReportWithFrequencyYearlyAndPeriodBYTDTest -->
  <testcase name="verifyBlankEmailRecipientsFieldErrorMessageTest" time="0.0" classname="com.boss.qa.tests.ReportScheduleTest">
    <ignored/>
  </testcase> <!-- verifyBlankEmailRecipientsFieldErrorMessageTest -->
  <testcase name="verifyReportSchedulerForCashReceiptsReportWithFrequencyYearlyAndPeriodPBYTestTest" time="0.0" classname="com.boss.qa.tests.ReportScheduleTest">
    <ignored/>
  </testcase> <!-- verifyReportSchedulerForCashReceiptsReportWithFrequencyYearlyAndPeriodPBYTestTest -->
</testsuite> <!-- report schedule test -->
