<?xml version="1.0" encoding="UTF-8"?>
<!-- Generated by org.testng.reporters.JUnitXMLReporter -->
<testsuite hostname="arunkumarpi-gift" ignored="1" name="report schedule page test" tests="38" failures="1" timestamp="07 Jun 2021 12:39:15 GMT" time="2490.094" errors="0">
  <testcase name="verifyReportSchedulerForCloud9POSEmpProductivityReportWithFrequencyWeeklyAndPeriodBWTDTest" time="108.896" classname="com.boss.qa.tests.ReportScheduleTest"/>
  <testcase name="verifyReportSchedulerForCloud9POSEmpProductivityReportWithFrequencyMonthlyAndPeriodBMTDTest" time="52.789" classname="com.boss.qa.tests.ReportScheduleTest"/>
  <testcase name="verifyReportSchedulerForCloud9POSEmpProductivityReportWithFrequencyQuarterlyAndPeriodBQTDTest" time="41.919" classname="com.boss.qa.tests.ReportScheduleTest"/>
  <testcase name="verifyReportSchedulerForCloud9POSEmpProductivityReportWithFrequencyYearlyAndPeriodBYTDTest" time="28.434" classname="com.boss.qa.tests.ReportScheduleTest"/>
  <testcase name="verifyReportSchedulerForCashReceiptsReportWithFrequencyWeeklyAndPeriodPBWTestTest" time="39.659" classname="com.boss.qa.tests.ReportScheduleTest"/>
  <testcase name="verifyReportSchedulerForCashReceiptsReportWithFrequencyMonthlyAndPeriodPBMTestTest" time="33.961" classname="com.boss.qa.tests.ReportScheduleTest"/>
  <testcase name="verifyReportSchedulerForCashReceiptsReportWithFrequencyQuarterlyAndPeriodPBQTestTest" time="39.375" classname="com.boss.qa.tests.ReportScheduleTest"/>
  <testcase name="verifyReportSchedulerForCashReceiptsReportWithFrequencyYearlyAndPeriodPBYTestTest" time="34.901" classname="com.boss.qa.tests.ReportScheduleTest"/>
  <testcase name="verifyReportSchedulerForCloud9POSEmpProductivityReportWithFiscalCalendarFrequencyOnceAndPeriodDateOfFireTodayTest" time="39.177" classname="com.boss.qa.tests.ReportScheduleTest">
    <skipped/>
  </testcase> <!-- verifyReportSchedulerForCloud9POSEmpProductivityReportWithFiscalCalendarFrequencyOnceAndPeriodDateOfFireTodayTest -->
  <testcase name="verifyReportSchedulerForCloud9POSEmpProductivityReportWithFiscalCalendarFrequencyOnceAndPeriodDateOfFireTodayTest" time="48.213" classname="com.boss.qa.tests.ReportScheduleTest">
    <failure type="java.lang.AssertionError" message="period value not matched expected [YESTERDAY] but found [DATE_OF]">
      <![CDATA[java.lang.AssertionError: period value not matched expected [YESTERDAY] but found [DATE_OF]
at org.testng.Assert.fail(Assert.java:96)
at org.testng.Assert.failNotEquals(Assert.java:776)
at org.testng.Assert.assertEqualsImpl(Assert.java:137)
at org.testng.Assert.assertEquals(Assert.java:118)
at org.testng.Assert.assertEquals(Assert.java:453)
at com.boss.qa.utils.CommonUtilities.databaseRecordVerificationForFiscalCalendar(CommonUtilities.java:287)
at com.boss.qa.pages.ReportSchedule.getCloud9POSEmpProductivityReportSchedulerWithFiscalCalendarFrequencyOnceAndPeriodDateOfFireToday(ReportSchedule.java:1567)
at com.boss.qa.tests.ReportScheduleTest.verifyReportSchedulerForCloud9POSEmpProductivityReportWithFiscalCalendarFrequencyOnceAndPeriodDateOfFireTodayTest(ReportScheduleTest.java:180)
at sun.reflect.NativeMethodAccessorImpl.invoke0(Native Method)
at sun.reflect.NativeMethodAccessorImpl.invoke(Unknown Source)
at sun.reflect.DelegatingMethodAccessorImpl.invoke(Unknown Source)
at java.lang.reflect.Method.invoke(Unknown Source)
at org.testng.internal.MethodInvocationHelper.invokeMethod(MethodInvocationHelper.java:124)
at org.testng.internal.Invoker.invokeMethod(Invoker.java:580)
at org.testng.internal.Invoker.retryFailed(Invoker.java:838)
at org.testng.internal.Invoker.invokeTestMethods(Invoker.java:1009)
at org.testng.internal.TestMethodWorker.invokeTestMethods(TestMethodWorker.java:125)
at org.testng.internal.TestMethodWorker.run(TestMethodWorker.java:109)
at org.testng.TestRunner.privateRun(TestRunner.java:648)
at org.testng.TestRunner.run(TestRunner.java:505)
at org.testng.SuiteRunner.runTest(SuiteRunner.java:455)
at org.testng.SuiteRunner.access$000(SuiteRunner.java:40)
at org.testng.SuiteRunner$SuiteWorker.run(SuiteRunner.java:489)
at org.testng.internal.thread.ThreadUtil$1.call(ThreadUtil.java:52)
at java.util.concurrent.FutureTask.run(Unknown Source)
at java.util.concurrent.ThreadPoolExecutor.runWorker(Unknown Source)
at java.util.concurrent.ThreadPoolExecutor$Worker.run(Unknown Source)
at java.lang.Thread.run(Unknown Source)
]]>
    </failure>
  </testcase> <!-- verifyReportSchedulerForCloud9POSEmpProductivityReportWithFiscalCalendarFrequencyOnceAndPeriodDateOfFireTodayTest -->
  <testcase name="verifyReportSchedulerForCloud9POSEmpProductivityReportWithFiscalCalendarFrequencyDailyAndPeriodYesterdayTest" time="37.711" classname="com.boss.qa.tests.ReportScheduleTest"/>
  <testcase name="verifyReportSchedulerForCloud9POSEmpProductivityReportWithFiscalCalendarFrequencyWeeklyAndPeriodFixedTest" time="77.967" classname="com.boss.qa.tests.ReportScheduleTest"/>
  <testcase name="verifyReportSchedulerForCloud9POSEmpProductivityReportWithFiscalCalendarFrequencyMonthlyAndPeriodLastXDaysInclusiveofTodayTest" time="28.589" classname="com.boss.qa.tests.ReportScheduleTest"/>
  <testcase name="verifyReportSchedulerForCloud9POSEmpProductivityReportWithFiscalCalendarFrequencyMonthlyAndPeriodLastXDaysExclusiveofTodayTest" time="25.221" classname="com.boss.qa.tests.ReportScheduleTest"/>
  <testcase name="verifyReportSchedulerForCloud9POSEmpProductivityReportWithFiscalCalendarFrequencyDailyAndPeriodLastWeekTest" time="47.597" classname="com.boss.qa.tests.ReportScheduleTest"/>
  <testcase name="verifyReportSchedulerForCloud9POSEmpProductivityReportWithFiscalCalendarFrequencyWeeklyAndPeriodLastMonthTest" time="40.371" classname="com.boss.qa.tests.ReportScheduleTest"/>
  <testcase name="verifyReportSchedulerForCloud9POSEmpProductivityReportWithFiscalCalendarFrequencyMonthlyAndPeriodLastQuarterTest" time="33.153" classname="com.boss.qa.tests.ReportScheduleTest"/>
  <testcase name="verifyReportSchedulerForCloud9POSEmpProductivityReportWithFiscalCalendarFrequencyMonthlyAndPeriodLastYearTest" time="45.935" classname="com.boss.qa.tests.ReportScheduleTest"/>
  <testcase name="verifyReportSchedulerForCloud9POSEmpProductivityReportWithFiscalCalendarFrequencyOnceAndPeriodCurrentWeekTest" time="35.69" classname="com.boss.qa.tests.ReportScheduleTest"/>
  <testcase name="verifyReportSchedulerForCloud9POSEmpProductivityReportWithFiscalCalendarFrequencyDailyAndPeriodCurrentMonthTest" time="47.588" classname="com.boss.qa.tests.ReportScheduleTest"/>
  <testcase name="verifyReportSchedulerForCloud9POSEmpProductivityReportWithFiscalCalendarFrequencyWeeklyAndPeriodCurrentQuarterTest" time="24.808" classname="com.boss.qa.tests.ReportScheduleTest"/>
  <testcase name="verifyReportSchedulerForCloud9POSEmpProductivityReportWithFiscalCalendarFrequencyMonthlyAndPeriodCurrentYearTest" time="31.569" classname="com.boss.qa.tests.ReportScheduleTest"/>
  <testcase name="verifyBlankReportNameErrorMessageTest" time="47.0" classname="com.boss.qa.tests.ReportScheduleTest"/>
  <testcase name="verifyBlankStartDateErrorMessageTest" time="32.305" classname="com.boss.qa.tests.ReportScheduleTest"/>
  <testcase name="verifyPastStartDateErrorMessageTest" time="34.808" classname="com.boss.qa.tests.ReportScheduleTest"/>
  <testcase name="verifyEndDateBeforeStartDateErrorMessageTest" time="28.972" classname="com.boss.qa.tests.ReportScheduleTest"/>
  <testcase name="verifyBlankEmailSubjectFieldErrorMessageTest" time="35.289" classname="com.boss.qa.tests.ReportScheduleTest"/>
  <testcase name="verifyBlankEmailBodyFieldErrorMessageTest" time="30.023" classname="com.boss.qa.tests.ReportScheduleTest"/>
  <testcase name="verifyBlankEmailRecipientsFieldErrorMessageTest" time="23.773" classname="com.boss.qa.tests.ReportScheduleTest"/>
  <testcase name="verifyInvalidEmailRecipientsErrorMessageTest" time="26.446" classname="com.boss.qa.tests.ReportScheduleTest"/>
  <testcase name="verifyFiscalCalendarBlankReportRunDateErrorMessageTest" time="31.01" classname="com.boss.qa.tests.ReportScheduleTest"/>
  <testcase name="verifyFiscalCalendarPastReportRunDateErrorMessageTest" time="23.934" classname="com.boss.qa.tests.ReportScheduleTest"/>
  <testcase name="verifyReportBlankPeriodErrorMessageTest" time="25.088" classname="com.boss.qa.tests.ReportScheduleTest"/>
  <testcase name="verifyReportBlankReportFormatErrorMessageTest" time="19.534" classname="com.boss.qa.tests.ReportScheduleTest"/>
  <testcase name="verifyBlankTimeZoneErrorMessageTest" time="29.791" classname="com.boss.qa.tests.ReportScheduleTest"/>
  <testcase name="verifyReportSchedulerForDepartmentListReportTest" time="30.132" classname="com.boss.qa.tests.ReportScheduleTest"/>
  <testcase name="verifyReportSchedulerForCloud9POSEmpProductivityReportUpdateTest" time="60.428" classname="com.boss.qa.tests.ReportScheduleTest"/>
  <testcase name="verifyReportSchedulerForCloud9POSEmpProductivityReportUpdateTimeZoneTest" time="84.544" classname="com.boss.qa.tests.ReportScheduleTest"/>
  <testcase name="verifyReportSchedulerForCashReceiptsReportTest2" time="0.0" classname="com.boss.qa.tests.ReportScheduleTest">
    <ignored/>
  </testcase> <!-- verifyReportSchedulerForCashReceiptsReportTest2 -->
</testsuite> <!-- report schedule page test -->
